2016-09-18T16:12:39+0530 [twisted.scripts._twistd_unix.UnixAppLogger#info] twistd 16.4.1 (/usr/local/opt/python/bin/python2.7 2.7.12) starting up.
2016-09-18T16:12:39+0530 [twisted.scripts._twistd_unix.UnixAppLogger#info] reactor class: twisted.internet._threadedselect.ThreadedSelectReactor.
2016-09-18T16:12:39+0530 [-] Site starting on 8087
2016-09-18T16:12:39+0530 [twisted.web.server.Site#info] Starting factory <twisted.web.server.Site instance at 0x10e0e0440>
2016-09-18T16:12:41+0530 [-] (TCP Port 8087 Closed)
2016-09-18T16:12:41+0530 [twisted.web.server.Site#info] Stopping factory <twisted.web.server.Site instance at 0x10e0e0440>
2016-09-18T16:12:47+0530 [twisted.logger._global#warn] Warning: primary log target selected twice at </usr/local/lib/python2.7/site-packages/twisted/application/app.py:211> - previously selected at </usr/local/lib/python2.7/site-packages/twisted/application/app.py:211>.  Remove one of the calls to beginLoggingTo.
2016-09-18T16:12:47+0530 [twisted.scripts._twistd_unix.UnixAppLogger#info] twistd 16.4.1 (/usr/local/opt/python/bin/python2.7 2.7.12) starting up.
2016-09-18T16:12:47+0530 [twisted.scripts._twistd_unix.UnixAppLogger#info] reactor class: twisted.internet._threadedselect.ThreadedSelectReactor.
2016-09-18T16:12:47+0530 [-] Site starting on 8087
2016-09-18T16:12:47+0530 [twisted.web.server.Site#info] Starting factory <twisted.web.server.Site instance at 0x10db0d560>
2016-09-18T16:12:49+0530 [-] (TCP Port 8087 Closed)
2016-09-18T16:12:49+0530 [twisted.web.server.Site#info] Stopping factory <twisted.web.server.Site instance at 0x10db0d560>
2016-09-18T16:12:50+0530 [twisted.logger._global#warn] Warning: primary log target selected twice at </usr/local/lib/python2.7/site-packages/twisted/application/app.py:211> - previously selected at </usr/local/lib/python2.7/site-packages/twisted/application/app.py:211>.  Remove one of the calls to beginLoggingTo.
2016-09-18T16:12:50+0530 [twisted.scripts._twistd_unix.UnixAppLogger#info] twistd 16.4.1 (/usr/local/opt/python/bin/python2.7 2.7.12) starting up.
2016-09-18T16:12:50+0530 [twisted.scripts._twistd_unix.UnixAppLogger#info] reactor class: twisted.internet._threadedselect.ThreadedSelectReactor.
2016-09-18T16:12:50+0530 [-] Site starting on 8087
2016-09-18T16:12:50+0530 [twisted.web.server.Site#info] Starting factory <twisted.web.server.Site instance at 0x10e114d40>
2016-09-18T16:12:50+0530 [-] (TCP Port 8087 Closed)
2016-09-18T16:12:50+0530 [twisted.web.server.Site#info] Stopping factory <twisted.web.server.Site instance at 0x10e114d40>
2016-09-18T16:12:51+0530 [twisted.logger._global#warn] Warning: primary log target selected twice at </usr/local/lib/python2.7/site-packages/twisted/application/app.py:211> - previously selected at </usr/local/lib/python2.7/site-packages/twisted/application/app.py:211>.  Remove one of the calls to beginLoggingTo.
2016-09-18T16:12:51+0530 [twisted.scripts._twistd_unix.UnixAppLogger#info] twistd 16.4.1 (/usr/local/opt/python/bin/python2.7 2.7.12) starting up.
2016-09-18T16:12:51+0530 [twisted.scripts._twistd_unix.UnixAppLogger#info] reactor class: twisted.internet._threadedselect.ThreadedSelectReactor.
2016-09-18T16:12:51+0530 [-] Site starting on 8087
2016-09-18T16:12:51+0530 [twisted.web.server.Site#info] Starting factory <twisted.web.server.Site instance at 0x10e10bcf8>
2016-09-18T16:12:51+0530 [-] (TCP Port 8087 Closed)
2016-09-18T16:12:51+0530 [twisted.web.server.Site#info] Stopping factory <twisted.web.server.Site instance at 0x10e10bcf8>
